<?xml version="1.0" encoding="UTF-8"?>
<!-- Generated by org.testng.reporters.JUnitReportReporter -->
<testsuite hostname="DESKTOP-VVGE535" failures="0" tests="1" name="Tests.Md_Test" time="1078.524" errors="0" timestamp="2024-02-04T12:08:05 IST" skipped="0">
  <testcase classname="Tests.Md_Test" name="test1" time="1078.524"/>
  <system-out/>
</testsuite> <!-- Tests.Md_Test -->
